<?xml version="1.0" encoding="UTF-8"?>
<testsuites name="Supabase Database Tests" tests="17" failures="2" errors="0" time="8.657">
  <testsuite name="Supabase Database Test Suite" errors="0" failures="2" skipped="0" timestamp="2025-09-30T07:18:21" time="8.428" tests="17">
    <testcase classname="Supabase Database Test Suite Database CRUD Operations INSERT: Create new spec" name="Supabase Database Test Suite Database CRUD Operations INSERT: Create new spec" time="0.527">
    </testcase>
    <testcase classname="Supabase Database Test Suite Database CRUD Operations SELECT: Retrieve spec with joins" name="Supabase Database Test Suite Database CRUD Operations SELECT: Retrieve spec with joins" time="0.058">
    </testcase>
    <testcase classname="Supabase Database Test Suite Database CRUD Operations INSERT: Create evaluation" name="Supabase Database Test Suite Database CRUD Operations INSERT: Create evaluation" time="0.073">
    </testcase>
    <testcase classname="Supabase Database Test Suite Database CRUD Operations INSERT: Create iteration" name="Supabase Database Test Suite Database CRUD Operations INSERT: Create iteration" time="0.036">
    </testcase>
    <testcase classname="Supabase Database Test Suite Database CRUD Operations UPDATE: Modify evaluation rating" name="Supabase Database Test Suite Database CRUD Operations UPDATE: Modify evaluation rating" time="0.033">
    </testcase>
    <testcase classname="Supabase Database Test Suite Database CRUD Operations DELETE: Remove evaluation (cascade test)" name="Supabase Database Test Suite Database CRUD Operations DELETE: Remove evaluation (cascade test)" time="0.27">
    </testcase>
    <testcase classname="Supabase Database Test Suite API Integration Tests Anmol API: Create spec via endpoint" name="Supabase Database Test Suite API Integration Tests Anmol API: Create spec via endpoint" time="0.037">
    </testcase>
    <testcase classname="Supabase Database Test Suite API Integration Tests Anmol API: Retrieve specs via endpoint" name="Supabase Database Test Suite API Integration Tests Anmol API: Retrieve specs via endpoint" time="3.129">
      <failure>Error: expect(received).toBeDefined()

Received: undefined
    at toBeDefined (C:\Users\user11\Desktop\agentBASKETS\AI_integration\tests\supabase_db_tests.js:500:25)
    at processTicksAndRejections (node:internal/process/task_queues:105:5)
    at retryOperation (C:\Users\user11\Desktop\agentBASKETS\AI_integration\tests\supabase_db_tests.js:81:14)
    at Object.&lt;anonymous&gt; (C:\Users\user11\Desktop\agentBASKETS\AI_integration\tests\supabase_db_tests.js:490:7)</failure>
    </testcase>
    <testcase classname="Supabase Database Test Suite API Integration Tests Anmol API: Update evaluation via endpoint" name="Supabase Database Test Suite API Integration Tests Anmol API: Update evaluation via endpoint" time="0.033">
    </testcase>
    <testcase classname="Supabase Database Test Suite API Integration Tests Anmol API: Create iteration via endpoint" name="Supabase Database Test Suite API Integration Tests Anmol API: Create iteration via endpoint" time="0.03">
    </testcase>
    <testcase classname="Supabase Database Test Suite Edge Cases &amp; Error Scenarios Invalid JSON spec constraint" name="Supabase Database Test Suite Edge Cases &amp; Error Scenarios Invalid JSON spec constraint" time="0.05">
    </testcase>
    <testcase classname="Supabase Database Test Suite Edge Cases &amp; Error Scenarios Rating constraint violation" name="Supabase Database Test Suite Edge Cases &amp; Error Scenarios Rating constraint violation" time="0.032">
    </testcase>
    <testcase classname="Supabase Database Test Suite Edge Cases &amp; Error Scenarios Foreign key constraint violation" name="Supabase Database Test Suite Edge Cases &amp; Error Scenarios Foreign key constraint violation" time="0.029">
    </testcase>
    <testcase classname="Supabase Database Test Suite Edge Cases &amp; Error Scenarios Empty results handling" name="Supabase Database Test Suite Edge Cases &amp; Error Scenarios Empty results handling" time="0.029">
    </testcase>
    <testcase classname="Supabase Database Test Suite Edge Cases &amp; Error Scenarios Batch insert performance" name="Supabase Database Test Suite Edge Cases &amp; Error Scenarios Batch insert performance" time="0.068">
    </testcase>
    <testcase classname="Supabase Database Test Suite Edge Cases &amp; Error Scenarios Timeout simulation" name="Supabase Database Test Suite Edge Cases &amp; Error Scenarios Timeout simulation" time="0.053">
    </testcase>
    <testcase classname="Supabase Database Test Suite Data Flow Integration Complete data flow: Spec → Evaluation → Iteration" name="Supabase Database Test Suite Data Flow Integration Complete data flow: Spec → Evaluation → Iteration" time="3.15">
      <failure>Error: expect(received).toBe(expected) // Object.is equality

Expected: true
Received: false
    at toBe (C:\Users\user11\Desktop\agentBASKETS\AI_integration\tests\supabase_db_tests.js:678:36)
    at processTicksAndRejections (node:internal/process/task_queues:105:5)
    at retryOperation (C:\Users\user11\Desktop\agentBASKETS\AI_integration\tests\supabase_db_tests.js:81:14)
    at Object.&lt;anonymous&gt; (C:\Users\user11\Desktop\agentBASKETS\AI_integration\tests\supabase_db_tests.js:671:7)</failure>
    </testcase>
  </testsuite>
</testsuites>